<?xml version="1.0" encoding="UTF-8"?>
<testsuite xmlns:xsi="http://www.w3.org/2001/XMLSchema-instance" xsi:noNamespaceSchemaLocation="https://maven.apache.org/surefire/maven-surefire-plugin/xsd/surefire-test-report.xsd" name="com.example.BandejaTest" time="0.179" tests="5" errors="0" skipped="0" failures="0">
  <properties>
[...]
</properties>
  <testcase name="testFiltrarPorRemitenteYAsunto" classname="com.example.BandejaTest" time="0.135"/>
  <testcase name="testFiltrarPorRemitente" classname="com.example.BandejaTest" time="0.004"/>
  <testcase name="testFiltrarPorAsunto" classname="com.example.BandejaTest" time="0.004"/>
  <testcase name="testFiltrarPorContenido" classname="com.example.BandejaTest" time="0.002"/>
  <testcase name="testFiltrarPorAsuntoYContenido" classname="com.example.BandejaTest" time="0.002"/>
</testsuite>